[    00000] Initializin croup bss ust
[    0.000000] Initializing cgroup subsys cpu
[    0.000000] Initializing cgroup subsys cpuacct
[   .000] Liuxersion 4.4.0-43-generic (buildd@lgw01-22) (gcc version 5.4.0 20160609 (Ubuntu 5.4.0-6ubuntu1~16.04.2) ) #63-Ubuntu SMP Wed Oct 12 13:48:03 UTC 2016 (Ubuntu 4.4.0-43.63-generic 4.4.21)
[  0000000] Command line: BOOT_IMAGE=/boot/vmlinuz-4.4.0-43-generic root=LABEL=cloudimg-rootfs ro console=tty1 console=ttyS0
[   0.0000]EREL supporedcpus:[   0.000000  Intel nuneIel
[    0.000]  AMAuhenticAMD
[    0.000000]   Centaur CentaurHauls
[  0000000 x6/pu: xstate_ofs[2]:  576,xsatsis[2]:  56
[    .0000] x86/fpuSupoin XAVfeture0x: x8flting pot egiste'
[  00000 x/f: SuorinXSVE ftue 0x2: SE registrs
    0.000000] x86/fpu: Supporting XSAVE feature 0x04: 'AVX registers'
[   000000]x8fpu: abed xstate featurs 0x7, context zeis32ytes, usin 'tandd'foat
[  000000]86fp: ing 'lazy' FPU ntxt switche.
[   0.0000] e820: BIOS-proviedhyicalRAM map:
[   0.000000] IOS-e820: [mem 0x0000000000000000-0x000000000009fbff] usable
[    000000BIOS-e820: [m x00000000009f00-0x000000009fffreserve
   0.0000]IOS-e820: [mem 0x00000000000000-0x00000000fffff]reservd[   00000] BOS820: [mem 0x000000000000-0x000000003feffff] usale
[    0.000000] BIOS-e820: [mem 000000003fff0000-0x000000ffffff] ACPI ata
[    000000] BIOS-820: [mem 0x00000000fec0000-0x00000000fec00fff]rervd    0.000000] BIOS82: em0x00000fee0000-000000fe0ff reserd
[    0.000000] BIOS-e820: [mem 0x00000000fffc0000-0x00000000ffffffff] reserved
[   000000]  (xecute sale) protecio: ctiv
[    0.000000] SMBIOS 2.5 present.
[   0.00000] ypvir detected: KVM
[    0.000000] e820: last_pfn = 0x3fff0 max_arch_pfn = 0x400000000
[    0.00000] RR Disle
[  000000] x86/PT: MTRRs disabled, skpig PA itializatio to.
[    000000] x86/PAT: nfguratin 0-: B  W U- U    WT  UC- UC  
[    .0000] CPU MTRRs all blank - virtualized systm.
[    0.000000] fod MPP-able at [mem 0x0009fff0-0x0009ffff] mapped at [ffff88000009fff0]
[  000000] anning 1reas r owmerycorruptin
[    0.000000] RAMDISK: [mm 0x36fec000-0x377edfff]
[    0.000000]CP Early tblchecksum rifitin sale
   0.0000]CPI: RP x00000000000E0000 0004 v02 VBOX  )
[  0000000] ACPI XSDT 0x000000003FFF0030 00003C (v01 VBOX   VBOXXSDT 00000001 ASL  00000061)
[   0.0000]AC: FACP 0000000FF0F0 0000F4 (v04 VBOX   VBOXFACP 00000001 ASL  00000061)
[    0.000000] ACPI: DSDT 0x000000003FFF047 00210F(v0 VBOX  VBBIOS 00000002 INTL 20100528)
[    00000 AI: FACS x0000003FF00 00004
    0.000000 ACP: FACS x00000003FFF02000040
[    000000] AC: AP 0000003FF02400005C (v02 VOX  VBOXPI00000001 ASL  000061
[   00000AC: SSDT 0x000000FFA0 01C (1 OX   VBXCT 0000 INT20005)
[   0.000000 N NUMAonigaton un
[    0.000000] Faking a node at [mem 0x0000000000000000-0x000000003ffeffff]
[    0.000000] NODE_DATA(0) allocated [mem 0x3ffeb000-0x3ffeffff]
[    0.000000] kvm-clock: Using msrs 4b564d01 and 4b564d00
[    0.000000] kvm-clock: cpu 0, msr 0:3ffe7001, primary cpu clock
[    0.000000] kvm-clock: using sched offset of 4523786644 cycles
[    0.000000] clocksource: kvm-clock: mask: 0xffffffffffffffff max_cycles: 0x1cd42e4dffb, max_idle_n: 8105483 ns
[    0.000] Zon rges:
[    0.000000]   DMA      [mem 0x0000000000001000-0x0000000000ffffff]
[    00000   DMA32   [mem 0x000000001000000-0x000003fefff
    0000] Nomal   empty
[    0.000000]   Device   empty
[    0.000] Movablezoe start for eachod
   0.0000] Erl memory node ranges
[    0.00000]  noe   0: me0x000000001000-0x000000000009efff]
[    0.000000]   node   0: [m 0x000000000000000-00000003ffeffff]
[   .000000] Initmem setup node 0 [mem 0x0000000000001000-0x000000003ffeffff]
[    0.000000] ACPI: PM-Timer IO Port: 0x4008
[    0.000000] IOAPIC[0]: apic_id 2, version 32, address 0xfec00000, GSI 0-23
[    0.000000] ACPI: INT_SRC_OVR (bus 0 bus_irq glbair 2 dfdf)
  0.000000] CPI:IN_SRC_OVR(bus 0 bus_irq 9 globalir 9 high evl)
[   0.00000] Usig ACPI (MADT) fr SMPcoiguratioinormation
[    0.000] pbt: Aowng CUs0 otplu Cs
[    00000PM Register nosav mory:me 0x00000-0x000ff]
   0.000000PMRegistered nosave memory: [mem 0x000f0-0x0009ff]
[    0.000000] PM: Registered nosave memory: [mem 0x000a0000-0x000effff]
[  000000 P: giered nsa memoy:mem 0x000f0000-0x0ffff]
[   0.0000]82: emx4000000xebfff] avaiabe for PCI devices
[    0.00000] ooing paravirtualized kernel on KVM
[    0.000000] clocksource: refined-jiffies: mask: 0xffffffff max_cycles: 0xffffffff, max_idle_ns: 7645519600211568 ns
[    0.000000] setup_percpu: NR_CPUS:256 nr_cpumask_bits:256 nr_cpu_ids:2 nr_node_ids:1
[    0.000000] PERCPU: Embedded 33 pages/cpu @ffff88003fc00000 s98008 r8192 d28968 u1048576
[    0.000000] PV qspinlock hash table entries: 256 (order: 0, 4096 bytes)
[    0.000000] Built 1 zonelists in Node order, mobility grouping on.  Total pages: 257913
[    000000] Policy one: DMA32
[  0.0000Kenel omnd line:OOT_IMAGE=/boot/vmlinu-4.0-43-generic rootABL=cludg-rootfs ro console=tty1 console=ttyS0
[    0.00000]PID astable etrs: 496order:, 2768 btes)
[   0.000000 Memor: 04436K/1048120K available (8409K kernel code, 1283K rwdata, 3944K rodata, 1480K init, 1292K bss, 43684K reserved, 0K cma-reserved)
[    0.000000] SLUB: HWalign=64, Order=0-3, MinObjects=0, CPUs=2, Nodes=1
[    0.000000] Hierarchical RCU implementation.
[    0.000000] 	Build-time adjustment of leaf fanout to 64.
[    0.000000] 	RCU restricting CPUs from NR_CPUS=256 to nr_cpu_ids=2.
[    0.000000] RCU: Adjusting geometry for rcu_fanout_leaf=64, nr_cpu_ids=2
[    0.000000] NR_IRQS:16640 nr_irqs:440 16
[    0.000000] Console: colour VGA+ 80x25
[    0.000000] console [tty1] enabled
[    0.000000] console [ttyS0] enabled
[    0.000000] tsc: Detected 2394.542 MHz processor
[   15.726420] Calibrating delay loop (skipped) preset value.. 4789.08 BogoMIPS (lpj=9578168)
[   15.728190] pid_max: default: 32768 minimum: 301
[  15.729140] ACPI: Core revision 20150930
[   15.791241] ACPI: 2 ACPI AML tables successfully acquired and loaded
[   15.862726] Security Framework initialized
[   15.908861] Yama: becoming mindful.
[   15.931904] AppArmor: AppArmor initialized
[   15.982747] Dentry cache hash table entries: 131072 (order: 8, 1048576 bytes)
[   16.048086] Inode-cache hash table entries: 65536 (order: 7, 524288 bytes)
[   16.187959] Mount-cache hash table entries: 2048 (order: 2, 16384 bytes)
[   16.237327] Mountpoint-cache hash table entries: 2048 (order: 2, 16384 bytes)
[   16.344830] Initializing cgroup subsys io
[   16.358118] Initializing cgroup subsys memory
[   16.427272] Initializing cgroup subsys devices
[   16.481854] Initializing cgroup subsys freezer
[   16.499243] Initializing cgroup subsys net_cls
[   16.579422] Initializing cgroup subsys perf_event
[   16.667543] Initializing cgroup subsys net_prio
[   16.714017] Initializing cgroup subsys hugetlb
[   16.746374] Initializing cgroup subsys pids
[   16.819517] CPU: Physical Processor ID: 0
[   16.852641] CPU: Processor Core ID: 0
[   16.904909] mce: CPU supports 0 MCE banks
[   16.944466] Last level iTLB entries: 4KB 512, 2MB 8, 4MB 8
[   17.039518] Last level dTLB entries: 4KB 512, 2MB 32, 4MB 32, 1GB 0
[   17.042812] Freeing SMP alternatives memory: 32K (ffffffff820b4000 - ffffffff820bc000)
[   17.156849] ftrace: allocating 32007 entries in 126 pages
[   17.243671] smpboot: Max logical packages: 1
[   17.318858] smpboot: APIC(0) Converting physical 0 to logical package 0
[   17.385692] x2apic enabled
[   17.418328] Switched APIC routing to physical x2apic.
[   17.448932] ..TIMER: vector=0x30 apic1=0 pin1=2 apic2=-1 pin2=-1
[   17.638658] smpboot: CPU0: Intel(R) Core(TM) i7-3635QM CPU @ 2.40GHz (family: 0x6, model: 0x3a, stepping: 0x9)
[   17.830541] Performance Events: unsupported p6 CPU model 58 no PMU driver, software events only.
[   17.975560] KVM setup paravirtual spinlock
[   18.057210] x86: Booting SMP configuration:
[   18.171662] .... node  #0, CPUs:      #1
[   18.252786] kvm-clock: cpu 1, msr 0:3ffe7041, secondary cpu clock
[   18.488005] mce: CPU supports 0 MCE banks
[   18.571722] x86: Booted up 1 node, 2 CPUs
[   18.659573] smpboot: Total of 2 processors activated (9578.16 BogoMIPS)
[   18.802851] devtmpfs: initialized
[   18.876821] evm: security.selinux
[   18.893905] evm: security.SMACK64
[   18.912874] evm: security.SMACK64EXEC
[   18.931747] evm: security.SMACK64TRANSMUTE
[   18.951766] evm: security.SMACK64MMAP
[   18.978492] evm: security.ima
[   19.046690] evm: security.capability
[   19.121704] clocksource: jiffies: mask: 0xffffffff max_cycles: 0xffffffff, max_idle_ns: 7645041785100000 ns
[   19.256574] pinctrl core: initialized pinctrl subsystem
[   19.376057] RTC time: 15:36:03, date: 11/18/16
[   19.488886] NET: Registered protocol family 16
[   19.595449] cpuidle: using governor ladder
[   19.656783] cpuidle: using governor menu
[   19.747392] PCCT header not found.
[   19.816993] ACPI: bus type PCI registered
[   19.823342] acpiphp: ACPI Hot Plug PCI Controller Driver version: 0.5
[   19.937512] PCI: Using configuration type 1 for base access
[   20.020990] ACPI: Added _OSI(Module Device)
[   20.049184] ACPI: Added _OSI(Processor Device)
[   20.077728] ACPI: Added _OSI(3.0 _SCP Extensions)
[   20.144554] ACPI: Added _OSI(Processor Aggregator Device)
[   20.262836] ACPI: Executed 1 blocks of module-level executable AML code
[   20.422359] ACPI: Interpreter enabled
[   20.478505] ACPI Exception: AE_NOT_FOUND, While evaluating Sleep State [\_S1_] (20150930/hwxface-580)
[   20.650590] ACPI Exception: AE_NOT_FOUND, While evaluating Sleep State [\_S2_] (20150930/hwxface-580)
[   20.768494] ACPI Exception: AE_NOT_FOUND, While evaluating Sleep State [\_S3_] (20150930/hwxface-580)
[   20.923516] ACPI Exception: AE_NOT_FOUND, While evaluating Sleep State [\_S4_] (20150930/hwxface-580)
[   21.019544] ACPI: (supports S0 S5)
[   21.031308] ACPI: Using IOAPIC for interrupt routing
[   21.093230] PCI: Using host bridge windows from ACPI; if necessary, use "pci=nocrs" and report a bug
[   21.138705] ACPI: PCI Root Bridge [PCI0] (domain 0000 [bus 00-ff])
[   21.177103] acpi PNP0A03:00: _OSC: OS supports [ASPM ClockPM Segments MSI]
[   21.274396] acpi PNP0A03:00: _OSC failed (AE_NOT_FOUND); disabling ASPM
[   21.294979] acpi PNP0A03:00: fail to add MMCONFIG information, can't access extended PCI configuration space under this bridge.
[   21.378135] PCI host bridge to bus 0000:00
[   21.460751] pci_bus 0000:00: root bus resource [io  0x0000-0x0cf7 window]
[   21.467412] pci_bus 0000:00: root bus resource [io  0x0d00-0xffff window]
[   21.490864] pci_bus 0000:00: root bus resource [mem 0x000a0000-0x000bffff window]
[   21.535725] pci_bus 0000:00: root bus resource [mem 0x40000000-0xffdfffff window]
[   21.570278] pci_bus 0000:00: root bus resource [bus 00-ff]
[   21.701612] pci 0000:00:01.1: legacy IDE quirk: reg 0x10: [io  0x01f0-0x01f7]
[   21.866536] pci 0000:00:01.1: legacy IDE quirk: reg 0x14: [io  0x03f6]
[   21.960519] pci 0000:00:01.1: legacy IDE quirk: reg 0x18: [io  0x0170-0x0177]
[   21.968303] pci 0000:00:01.1: legacy IDE quirk: reg 0x1c: [io  0x0376]
[   22.082627] pci 0000:00:07.0: quirk: [io  0x4000-0x403f] claimed by PIIX4 ACPI
[   22.112427] pci 0000:00:07.0: quirk: [io  0x4100-0x410f] claimed by PIIX4 SMB
[   22.187854] ACPI: PCI Interrupt Link [LNKA] (IRQs 5 9 10 *11)
[   22.245700] ACPI: PCI Interrupt Link [LNKB] (IRQs 5 9 10 *11)
[   22.278644] ACPI: PCI Interrupt Link [LNKC] (IRQs 5 9 *10 11)
[   22.312760] ACPI: PCI Interrupt Link [LNKD] (IRQs 5 *9 10 11)
[   22.314510] ACPI: Enabled 2 GPEs in block 00 to 07
[   22.315982] vgaarb: setting as boot device: PCI:0000:00:02.0
[   22.347606] vgaarb: device added: PCI:0000:00:02.0,decodes=io+mem,owns=io+mem,locks=none
[   22.349315] vgaarb: loaded
[   22.422780] vgaarb: bridge control possible 0000:00:02.0
[   22.561793] SCSI subsystem initialized
[   22.652284] ACPI: bus type USB registered
[   22.742743] usbcore: registered new interface driver usbfs
[   22.748289] usbcore: registered new interface driver hub
[   22.809337] usbcore: registered new device driver usb
[   22.810701] PCI: Using ACPI for IRQ routing
[   22.840957] NetLabel: Initializing
[   22.871628] NetLabel:  domain hash size = 128
[   22.963204] NetLabel:  protocols = UNLABELED CIPSOv4
[   23.061075] NetLabel:  unlabeled traffic allowed by default
[   23.088320] amd_nb: Cannot enumerate AMD northbridges
[   23.186641] clocksource: Switched to clocksource kvm-clock
[   23.204114] Aprm: ApArmor Filsytem naed[ 23891]np:nPCPin
  3.95] p:nPCP fnd 3 devics
[   24.473283] clocksource: acpi_pm: mask: 0xffffff max_cycles: 0xffffff, max_idle_ns: 2085701024 ns
[   24.497178] NET: Registered protocol family 2
[   24.562300] TCP established hash table entries: 8192 (order: 4, 65536 bytes)
[   24.008150] TCP bind hash table entries: 8192 (order: 5, 131072 bytes)
[   24.941831] TCP: Hash tables configured (established 8192 bind 8192)
[   25.232647] UDP hash table entries: 512 (order: 2, 16384 bytes)
[   25.502004] UDP-Lite hash table entries: 512 (order: 2, 16384 bytes)
[   25.573980] NET: Registered protocol family 1
[   25.589701] pci 0000:00:00.0: Limiting direct PCI/PCI transfers
[   25.601737] pci 0000:00:01.0: Activating ISA DMA hang workarounds
[   25.635393] Trying to unpack rootfs image as initramfs...
[   26.953202] Freeing initrd memory: 8200K (ffff880036fec000 - ffff8800377ee000)
[   27.067936] RAPL PMU detected, API unit is 2^-32 Joules, 3 fixed counters 10737118240 ms ovfl timer
[   27.521233] hw unit of domain pp0-core 2^-0 Joules
[   27.737636] hw unit of domain package 2^-0 Joules
[   27.768801] hw unit of domain pp1-gpu 2^-0 Joules
[   27.798106] platform rtc_cmos: registered platform RTC device (no PNP device found)
[   27.828334] Scanning for low memory corruption every 60 seconds
[   27.842972] futex hash table entries: 512 (order: 3, 32768 bytes)
[   27.868711] audit: initializing netlink subsys (disabled)
[   27.898631] audit: type=2000 audit(1479483356.266:1): initialized
[   28.031807] Initialise system trusted keyring
[   28.290172] HugeTLB registered 2 MB page size, pre-allocated 0 pages
[   28.711580] zbud: loaded
[   28.851906] tsc: Refined TSC clocksource calibration: 2396.202 MHz
[   28.903122] clocksource: tsc: mask: 0xffffffffffffffff max_cycles: 0x228a339533a, max_idle_ns: 440795274775 ns
[   28.903422] VFS: Disk quotas dquot_6.6.0
[   28.903464] VFS: Dquot-cache hash table entries: 512 (order 0, 4096 bytes)
[   28.903810] squashfs: version 4.0 (2009/01/31) Phillip Lougher
[   28.930768] fuse init (API version 7.23)
[   28.930992] Key type big_key registered
[   28.931025] Allocating IMA MOK and blacklist keyrings.
[   28.931494] Key type asymmetric registered
[   28.931503] Asymmetric key parser 'x509' registered
[   28.931568] Block layer SCSI generic (bsg) driver version 0.4 loaded (major 249)
[   28.931615] io scheduler noop registered
[   28.931616] io scheduler deadline registered (default)
[   28.931650] io scheduler cfq registered
[   28.931791] pci_hotplug: PCI Hot Plug PCI Core version: 0.5
[   28.931798] pciehp: PCI Express Hot Plug Controller Driver version: 0.4
[   28.932189] ACPI: AC Adapter [AC] (on-line)
[   28.932322] input: Power Button as /devices/LNXSYSTM:00/LNXPWRBN:00/input/input0
[   28.932326] ACPI: Power Button [PWRF]
[   28.932461] input: Sleep Button as /devices/LNXSYSTM:00/LNXSLPBN:00/input/input1
[   28.932464] ACPI: Sleep Button [SLPF]
[   28.932746] GHES: HEST is not enabled!
[   28.934212] ACPI: Battery Slot [BAT0] (battery present)
[   28.934279] Serial: 8250/16550 driver, 32 ports, IRQ sharing enabled
[   28.964001] 00:02: ttyS0 at I/O 0x3f8 (irq = 4, base_baud = 115200) is a 16550A
[   28.990165] Linux agpgart interface v0.103
[   29.045083] brd: module loaded
[   29.045886] loop: module loaded
[   29.046380] scsi host0: ata_piix
[   29.046438] scsi host1: ata_piix
[   29.046467] ata1: PATA max UDMA/33 cmd 0x1f0 ctl 0x3f6 bmdma 0xd000 irq 14
[   29.046468] ata2: PATA max UDMA/33 cmd 0x170 ctl 0x376 bmdma 0xd008 irq 15
[   29.046535] libphy: Fixed MDIO Bus: probed
[   29.046537] tun: Universal TUN/TAP device driver, 1.6
[   29.046537] tun: (C) 1999-2004 Max Krasnyansky <maxk@qualcomm.com>
[   29.046916] PPP generic driver version 2.4.2
[   29.046968] ehci_hcd: USB 2.0 'Enhanced' Host Controller (EHCI) Driver
[   29.046972] ehci-pci: EHCI PCI platform driver
[   29.046988] ehci-platform: EHCI generic platform driver
[   29.047005] ohci_hcd: USB 1.1 'Open' Host Controller (OHCI) Driver
[   29.047008] ohci-pci: OHCI PCI platform driver
[   29.047017] ohci-platform: OHCI generic platform driver
[   29.047023] uhci_hcd: USB Universal Host Controller Interface driver
[   29.047077] i8042: PNP: PS/2 Controller [PNP0303:PS2K,PNP0f03:PS2M] at 0x60,0x64 irq 1,12
[   29.047534] serio: i8042 KBD port at 0x60,0x64 irq 1
[   29.047538] serio: i8042 AUX port at 0x60,0x64 irq 12
[   29.047633] mousedev: PS/2 mouse device common for all mice
[   29.047893] input: AT Translated Set 2 keyboard as /devices/platform/i8042/serio0/input/input2
[   29.048225] rtc_cmos rtc_cmos: rtc core: registered rtc_cmos as rtc0
[   29.048280] rtc_cmos rtc_cmos: alarms up to one day, 114 bytes nvram
[   29.048287] i2c /dev entries driver
[   29.048339] device-mapper: uevent: version 1.0.3
[   29.048390] device-mapper: ioctl: 4.34.0-ioctl (2015-10-28) initialised: dm-devel@redhat.com
[   29.048408] ledtrig-cpu: registered to indicate activity on CPUs
[   29.048655] NET: Registered protocol family 10
[   29.048805] NET: Registered protocol family 17
[   29.048816] Key type dns_resolver registered
[   29.048945] microcode: CPU0 sig=0x306a9, pf=0x2, revision=0x19
[   29.132759] microcode: CPU1 sig=0x306a9, pf=0x2, revision=0x19
[   29.132840] microcode: Microcode Update Driver: v2.01 <tigran@aivazian.fsnet.co.uk>, Peter Oruba
[   29.132986] registered taskstats version 1
[   29.132997] Loading compiled-in X.509 certificates
[   29.133646] Loaded X.509 cert 'Build time autogenerated kernel key: d76179dc6bbadd817ec29258d181eadabda602cb'
[   29.133667] zswap: loaded using pool lzo/zbud
[   29.135347] Key type trusted registered
[   29.137423] Key type encrypted registered
[   29.137427] AppArmor: AppArmor sha1 policy hashing enabled
[   29.137429] ima: No TPM chip found, activating TPM-bypass!
[   29.137445] evm: HMAC attrs: 0x1
[   29.137801]   Magic number: 8:555:639
[   29.256261] rtc_cmos rtc_cmos: setting system clock to 2016-11-18 15:36:13 UTC (1479483373)
[   29.256419] BIOS EDD facility v0.16 2004-Jun-25, 0 devices found
[   29.256419] EDD information not available.
[   37.831594] Freeing unused kernel memory: 1480K (ffffffff81f42000 - ffffffff820b4000)
[   37.909669] Write protecting the kernel read-only data: 14336k
[   37.933802] Freeing unused kernel memory: 1820K (ffff880001839000 - ffff880001a00000)
[   39.494629] Freeing unused kernel memory: 152K (ffff880001dda000 - ffff880001e00000)
Loading, please wait...
starting version 229
[   39.651302] random: systemd-udevd: uninitialized urandom read (16 bytes read, 4 bits of entropy available)
[   39.655792] random: udevadm: uninitialized urandom read (16 bytes read, 4 bits of entropy available)
[   39.655846] random: udevadm: uninitialized urandom read (16 bytes read, 4 bits of entropy available)
[   39.655988] random: udevadm: uninitialized urandom read (16 bytes read, 4 bits of entropy available)
[   39.656040] random: udevadm: uninitialized urandom read (16 bytes read, 4 bits of entropy available)
[   39.656089] random: udevadm: uninitialized urandom read (16 bytes read, 4 bits of entropy available)
[   39.656139] random: udevadm: uninitialized urandom read (16 bytes read, 4 bits of entropy available)
[   39.656191] random: udevadm: uninitialized urandom read (16 bytes read, 4 bits of entropy available)
[   39.656239] random: udevadm: uninitialized urandom read (16 bytes read, 4 bits of entropy available)
[   39.656287] random: udevadm: uninitialized urandom read (16 bytes read, 4 bits of entropy available)
[   40.627759] e1000: Intel(R) PRO/1000 Network Driver - version 7.3.21-k8-NAPI
[   40.929616] e1000: Copyright (c) 1999-2006 Intel Corporation.
[   41.102794] Fusion MPT base driver 3.04.20
[   41.139857] Copyright (c) 1999-2008 LSI Corporation
[   41.167683] Fusion MPT SPI Host driver 3.04.20
[   41.216159] AVX version of gcm_enc/dec engaged.
[   41.320277] AES CTR mode by8 optimization enabled
[   41.446285] input: ImExPS/2 Generic Explorer Mouse as /devices/platform/i8042/serio1/input/input4
[   41.799215] e1000 0000:00:03.0 eth0: (PCI:33MHz:32-bit) 02:c5:fd:32:ab:30
[   41.956747] e1000 0000:00:03.0 eth0: Intel(R) PRO/1000 Network Connection
[   42.108430] mptbase: ioc0: Initiating bringup
[   42.452037] ioc0: LSI53C1030 A0: Capabilities={Initiator}
[   44.117385] scsi host2: ioc0: LSI53C1030 A0, FwRev=00000000h, Ports=1, MaxQ=256, IRQ=20
[   44.327044] floppy0: no floppy controllers found
[   44.327090] work still pending
[   44.599888] scsi 2:0:0:0: Direct-Access     VBOX     HARDDISK         1.0  PQ: 0 ANSI: 5
[   44.749601] scsi target2:0:0: Beginning Domain Validation
[   44.752772] scsi target2:0:0: Domain Validation skipping write tests
[   44.945124] scsi target2:0:0: Ending Domain Validation
[   44.949319] e1000 0000:00:08.0 eth1: (PCI:33MHz:32-bit) 08:00:27:16:40:46
[   44.949325] e1000 0000:00:08.0 eth1: Intel(R) PRO/1000 Network Connection
[   45.528614] scsi target2:0:0: asynchronous
[   45.529090] e1000 0000:00:03.0 enp0s3: renamed from eth0
[   45.608966] scsi 2:0:1:0: Direct-Access     VBOX     HARDDISK         1.0  PQ: 0 ANSI: 5
[   45.639008] scsi target2:0:1: Beginning Domain Validation
[   45.840219] scsi target2:0:1: Domain Validation skipping write tests
[   45.845674] e1000 0000:00:08.0 enp0s8: renamed from eth1
[   46.183507] scsi target2:0:1: Ending Domain Validation
[   46.363603] scsi target2:0:1: asynchronous
[   46.447205] sd 2:0:0:0: Attached scsi generic sg0 type 0
[   46.447246] sd 2:0:0:0: [sda] 20971520 512-byte logical blocks: (10.7 GB/10.0 GiB)
[   46.447478] sd 2:0:0:0: [sda] Write Protect is off
[   46.447569] sd 2:0:0:0: [sda] Incomplete mode parameter data
[   46.447570] sd 2:0:0:0: [sda] Assuming drive cache: write through
[   46.450668]  sda: sda1
[   46.451446] sd 2:0:0:0: [sda] Attached SCSI disk
[   47.488411] sd 2:0:1:0: [sdb] 20480 512-byte logical blocks: (10.5 MB/10.0 MiB)
[   47.580085] sd 2:0:1:0: Attached scsi generic sg1 type 0
[   47.698928] sd 2:0:1:0: [sdb] Write Protect is off
[   47.720376] sd 2:0:1:0: [sdb] Incomplete mode parameter data
[   49.020344] sd 2:0:1:0: [sdb] Assuming drive cache: write through
[   49.043824] sd 2:0:1:0: [sdb] Attached SCSI disk
[   57.095417] mptscsih: ioc0: attempting task abort! (sc=ffff88003d22a000)
[   58.069186] sd 2:0:0:0: [sda] tag#1 CDB: Inquiry 12 00 00 00 fe 00
[   58.734201] mptscsih: ioc0: task abort: FAILED (rv=2003) (sc=ffff88003d22a000)
[   59.151946] mptscsih: ioc0: attempting target reset! (sc=ffff88003d22a000)
[   59.348765] sd 2:0:0:0: [sda] tag#1 CDB: Inquiry 12 00 00 00 fe 00
[   59.855362] mptscsih: ioc0: target reset: SUCCESS (sc=ffff88003d22a000)
Begin: Loading e[   61.374968] md: linear personality registered for level -1
ssential drivers ... [   61.741488] md: multipath personality registered for level -4
[   61.894563] md: raid0 personality registered for level 0
[   62.182211] md: raid1 personality registered for level 1
[   62.323790] raid6: sse2x1   gen()  7652 MB/s
[   62.698656] raid6: sse2x1   xor()  6760 MB/s
[   63.011773] raid6: sse2x2   gen() 11095 MB/s
[   63.243458] raid6: sse2x2   xor()  7914 MB/s
[   63.354768] raid6: sse2x4   gen() 11979 MB/s
[   63.439140] raid6: sse2x4   xor()  8516 MB/s
[   63.598216] raid6: using algorithm sse2x4 gen() 11979 MB/s
[   63.967595] raid6: .... xor() 8516 MB/s, rmw enabled
[   64.180125] raid6: using ssse3x2 recovery algorithm
[   64.411908] xor: automatically using best checksumming function:
[   64.482712]    avx       : 13963.000 MB/sec
[   64.518577] async_tx: api initialized (async)
[   64.807872] md: raid6 personality registered for level 6
[   65.063462] md: raid5 personality registered for level 5
[   65.329720] md: raid4 personality registered for level 4
[   65.356258] md: raid10 personality registered for level 10
done.
Begin: Running /scripts/init-premount ... done.
Begin: Mounting root file system ... Beg[   65.589439] Btrfs loaded
in: Running /scripts/local-top ... done.
Begin: Running /scripts/local-premount ... Scanning for Btrfs filesystems
done.
Warning: fsck not present, so skipping root file system
[   65.689121] EXT4-fs (sda1): mounted filesystem with ordered data mode. Opts: (null)
done.
Begin: Running /scripts/local-bottom ... done.
Begin: Running /scripts/init-bottom ... Warning: overlayroot: debug is busted
done.
[  64943syem1]sytemd 29 unngn st mod (AMAUT ELUXIM+APPMO+SCKSYIN +MPLIRYSETUP +GCYPT+GUTS +ACL +XZ -LZ4 +SECCOMP +BLKID +ELFUTILS +KMOD -IDN)
[   69.061387] ysmd]:etteviuazaion oracle.
[   695121syte[1 Dected architecture x86-64.


Welcome to [1mUbuntu 16.04.1 LTS[0m!

[   70.061547] sytem1]Sehona t<unt>.
[ 70093]ysmd1]: Iitializing mahi Ifr rndom generat.[ 71649]ysmd1]: Installed transient tcacned le

[ 71705]random: nonblocking polisniiaiz
[ 72583]systemd[1]: Listinonoualud Sckt.

[[0;32m  OK  [0m] Listening on Journal Audit Socket.
[ 73808]ysmd]:eached rg Ur d oup Na Lkups.
[[0;32m  OK  [0m] Reached target User and Group Name Lookups.
[  7.413 ste[1 Setup automount ArbiarExutble FilFoatFi SteAumot Pont
[[0;32m  OK  [0m] Set up automount Arbitrary Executab...ats File System Automount Point.
[ 75476]ystemd[1]: Listening on /dev/initctl Compatibility Named Pipe.
[[0;32m  OK  [0m] Listening on /dev/initctl Compatibility Named Pipe.
[   76.091310] systemd[1]: Listening on Journal Socket (/dev/log).
[[0;32m  OK  [0m] Listening on Journal Socket (/dev/log).
[   76.396]ysmd]:eahetarget Swap.
[[0;32m  OK  [0m] Reached target Swap.
[   77.045036] systemd[1]: Started Forward Password Requests to Wall Directory Watch.
[[0;32m  OK  [0m] Started Forward Password Requests to Wall Directory Watch.
[ 77077]ysem1] Lteing on Devicemaervet em FOs

[[0;32m  OK  [0m] Listening on Device-mapper event daemon FIFOs.
[ 77918]system1]Crtesle st Sce.
[[0;32m  OK  [0m] Created slice System Slice.
[ 78004]ysmd1]: Created slice system-serial\x2dgetty.slice.
[[0;32m  OK  [0m] Created slice system-serial\x2dgetty.slice.
[   .8502]systemd1] Ltening oJonaSoet
[[0;32m  OK  [0m] Listening on Journal Socket.
[   79.503303] systemd[1]: Mounting POSIX Message Queue File System...
         Mounting POSIX Message Queue File System...
[   79.707211] systemd[1]: Starting Create list of required static device nodes for the current kernel...
         Starting Create list of required st... nodes for the current kernel...
[   79.746167] systemd[1]: Starting Nameserver information manager...
         Starting Nameserver information manager...
[   79.919164] systemd[1]: Mounting Debug File System...
         Mounting Debug File System...
[   80.018955] systemd[1]: Listening on udev Kernel Socket.
[[0;32m  OK  [0m] Listening on udev Kernel Socket.
[   80.074962] systemd[1]: Starting Uncomplicated firewall...
         Starting Uncomplicated firewall...
[   80.275639] systemd[1]: Created slice User and Session Slice.
[[0;32m  OK  [0m] Created slice User and Session Slice.
[   80.343007] systemd[1]: Starting Set console keymap...
         Starting Set console keymap...
[   80.367522] systemd[1]: Mounting Huge Pages File System...
         Mounting Huge Pages File System...
[   80.410905] systemd[1]: Listening on udev Control Socket.
[[0;32m  OK  [0m] Listening on udev Control Socket.
[   80.679484] systemd[1]: Listening on Syslog Socket.
[[0;32m  OK  [0m] Listening on Syslog Socket.
[   80.855452] systemd[1]: Starting Journal Service...
         Starting Journal Service...
[   80.875914] systemd[1]: Starting Remount Root and Kernel File Systems...
[   80.885193] EXT4-fs (sda1): re-mounted. Opts: (null)
         Starting Remount Root and Kernel File Systems...
[   81.182885] systemd[1]: Starting Load Kernel Modules...
         Startin[   81.251836] Loading iSCSI transport class v2.0-870.
g Load Kernel Modules...
[   81.315177] iscsi: registered transport (tcp)
[   82.347182] systemd[1]: Listening on LVM2 poll daemon socket.
[[0;32m  OK  [0m] Listening on LVM2 poll daemon socket.
[   82.567032] systemd[1]: Listening on LVM2 metadata daemon socket.
[[0;32m  OK  [0m] Listening on[   82.617895] iscsi: registered transport (iser)
 LVM2 metadata daemon socket.
[   82.659467] systemd[1]: Starting Monitoring of LVM2 mirrors, snapshots etc. using dmeventd or progress polling...
         Starting Monitoring of LVM2 mirrors... dmeventd or progress polling...
[   82.716879] systemd[1]: Reached target Slices.
[[0;32m  OK  [0m] Reached target Slices.
[   82.967414] systemd[1]: Reached target Encrypted Volumes.
[[0;32m  OK  [0m] Reached target Encrypted Volumes.
[   83.212035] systemd[1]: Mounted Huge Pages File System.
[[0;32m  OK  [0m] Mounted Huge Pages File System.
[   83.387023] systemd[1]: Mounted Debug File System.
[[0;32m  OK  [0m] Mounted Debug File System.
[   83.431927] systemd[1]: Mounted POSIX Message Queue File System.
[[0;32m  OK  [0m] Mounted POSIX Message Queue File System.
[   83.783291] systemd[1]: Started Journal Service.
[[0;32m  OK  [0m] Started Journal Service.
[[0;32m  OK  [0m] Started Create list of required sta...ce nodes for the current kernel.
[[0;32m  OK  [0m] Started Uncomplicated firewall.
[[0;32m  OK  [0m] Started Set console keymap.
[[0;32m  OK  [0m] Started Remount Root and Kernel File Systems.
[[0;32m  OK  [0m] Started Load Kernel Modules.
[[0;32m  OK  [0m] Started Nameserver information manager.
[[0;32m  OK  [0m] Started LVM2 metadata daemon.
         Mounting FUSE Control File System...
         Starting Apply Kernel Variables...
         Starting Load/Save Random Seed...
         Starting udev Coldplug all Devices...
         Starting Create Static Device Nodes in /dev...
         Starting Flush Journal to Persistent Storage...
[[0;32m  OK  [0m] Mounted FUSE Control File System.
[[0;32m  OK  [0m] Started Monitoring of LVM2 mirrors,...ng dmeventd or progress polling.
[[0;32m  OK  [0m] Started Apply Kernel Variables.
[[0;32m  OK  [0m] Started Load/Save Random Seed.
[[0;32m  OK  [0m] Started Create Static Device Nodes in /dev.
[[0;32m  OK  [0m] Started udev Coldplug all Devices.
         Starting udev Kernel Device Manager...
[[0;32m  OK  [0m] Started Flush Journal to Persistent Storage.
[[0;32m  OK  [0m] Started udev Kernel Device Manager.
[[0;32m  OK  [0m] Started Dispatch Password Requests to Console Directory Watch.
[[0;32m  OK  [0m] Reached target Local File Systems (Pre).
[[0;32m  OK  [0m] Reached target Local File Systems.
         Starting LSB: AppArmor initialization...
         Starting Set console font and keymap...
         Starting Run snappy firstboot setup...
         Starting Commit a transient machine-id on disk...
         Starting Create Volatile Files and Directories...
         Starting Initial cloud-init job (pre-networking)...
         Starting Tell Plymouth To Write Out Runtime Data...
[[0;32m  OK  [0m] Started Commit a transient machine-id on disk.
[[0;32m  OK  [0m] Started Create Volatile Files and Directories.
[[0;32m  OK  [0m] Started Tell Plymouth To Write Out Runtime Data.
[[0;32m  OK  [0m] Found device /dev/ttyS0.
[[0;32m  OK  [0m] Listening on Load/Save RF Kill Switch Status /dev/rfkill Watch.
         Starting Update UTMP about System Boot/Shutdown...
[[0;32m  OK  [0m] Reached target System Time Synchronized.
[[0;32m  OK  [0m] Started Run snappy firstboot setup.
[[0;32m  OK  [0m] Started Set console font and keymap.
[[0;32m  OK  [0m] Created slice system-getty.slice.
[[0;32m  OK  [0m] Started Update UTMP about System Boot/Shutdown.
[[0;32m  OK  [0m] Started LSB: AppArmor initialization.
[[0;32m  OK  [0m] Reached target System Initialization.
[[0;32m  OK  [0m] Started Timer to automatically refresh installed snaps.
[[0;32m  OK  [0m] Started Trigger resolvconf update for networkd DNS.
[[0;32m  OK  [0m] Started Daily Cleanup of Temporary Directories.
[[0;32m  OK  [0m] Started ACPI Events Check.
[[0;32m  OK  [0m] Reached target Paths.
[[0;32m  OK  [0m] Started Daily apt activities.
[[0;32m  OK  [0m] Reached target Timers.
         Starting Socket activation for snappy daemon.
         Starting LXD - unix socket.
[[0;32m  OK  [0m] Listening on D-Bus System Message Bus Socket.
[[0;32m  OK  [0m] Listening on ACPID Listen Socket.
[[0;32m  OK  [0m] Listening on UUID daemon activation socket.
[[0;32m  OK  [0m] Listening on Socket activation for snappy daemon.
[[0;32m  OK  [0m] Listening on LXD - unix socket.
[[0;32m  OK  [0m] Reached target Sockets.
[[0;32m  OK  [0m] Reached target Basic System.
         Starting System Logging Service...
         Starting LSB: Record successful boot for GRUB...
[[0;32m  OK  [0m] Started Snappy daemon.
         Starting Login Service...
[[0;32m  OK  [0m] Started D-Bus System Message Bus.
[[0;32m  OK  [0m] Started FUSE filesystem for LXC.
         Starting Accounts Service...
[[0;32m  OK  [0m] Started Deferred execution scheduler.
[[0;32m  OK  [0m] Started Regular background program processing daemon.
         Starting LSB: MD monitoring daemon...
         Starting LXD - container startup/shutdown...
[[0;32m  OK  [0m] Started ACPI event daemon.
[[0;32m  OK  [0m] Started System Logging Service.
[[0;32m  OK  [0m] Started Login Service.
[[0;32m  OK  [0m] Started LSB: Record successful boot for GRUB.
[[0;32m  OK  [0m] Started LSB: MD monitoring daemon.
         Starting Authenticate and Authorize Users to Run Privileged Tasks...
[[0;32m  OK  [0m] Started Authenticate and Authorize Users to Run Privileged Tasks.
[[0;32m  OK  [0m] Started Accounts Service.
[[0;32m  OK  [0m] Started LXD - container startup/shutdown.
[   67.329485] cloud-init[592]: Cloud-init v. 0.7.8 running 'init-local' at Fri, 18 Nov 2016 15:37:13 +0000. Up 66.64 seconds.
[[0;32m  OK  [0m] Started Initial cloud-init job (pre-networking).
[[0;32m  OK  [0m] Reached target Network (Pre).
         Starting Raise network interfaces...
[[0;32m  OK  [0m] Started Raise network interfaces.
         Starting Initial cloud-init job (metadata service crawler)...
[[0;32m  OK  [0m] Reached target Network.
[   69.200791] cloud-init[1014]: Cloud-init v. 0.7.8 running 'init' at Fri, 18 Nov 2016 15:37:14 +0000. Up 68.16 seconds.
[   69.289768] [cloud-init[0;32m  OK  [0m[1014]: ] ci-info: ++++++++++++++++++++++++++++++++++++++Net device info++++++++++++++++++++++++++++++++++++++Started Initial cloud-init job (metadata service crawler).

[   69.290892] cloud-init[1014]: ci-info: +--------+-------+----------------------------+---------------+-------+-------------------+
[   69.436899] [cloud-init[0;32m  OK  [0m[1014]: ] ci-info: | Device |   Up  |          Address           |      Mask     | Scope |     Hw-Address    |Reached target Cloud-config availability.

[   69.561497] [cloud-init[0;32m  OK  [0m[1014]: ] ci-info: +--------+-------+----------------------------+---------------+-------+-------------------+Reached target Network is Online.

[   69.613254]          cloud-initStarting Pollinate to seed the pseudo random number generator...[1014]: 
ci-info: | enp0s3 |  True |         10.0.2.15          | 255.255.255.0 |   .   | 02:c5:fd:32:ab:30 |
[   69.732372]          cloud-initStarting Apply the settings specified in cloud-config...[1014]: 
ci-info: | enp0s3 |  True | fe80::c5:fdff:fe32:ab30/64 |       .       |  link | 02:c5:fd:32:ab:30 |
[   69.824389]          cloud-initStarting iSCSI initiator daemon (iscsid)...[1014]: 
ci-info: | enp0s8 | False |             .              |       .       |   .   | 08:00:27:16:40:46 |
[   69.889893]          cloud-initStarting /etc/rc.local Compatibility...[1014]: 
ci-info: |   lo   |  True |         127.0.0.1          |   255.0.0.0   |   .   |         .         |
[   70.012736] [cloud-init[0;32m  OK  [0m[1014]: ] ci-info: |   lo   |  True |          ::1/128           |       .       |  host |         .         |Started /etc/rc.local Compatibility.

[[0;32m  OK  [0m] Started iSCSI initiator daemon (iscsid).
[   70.013378] cloud-init[1014]: ci-info: +--------+-------+----------------------------+---------------+-------+-------------------+
         Starting Login to default iSCSI targets...
[   70.204343] cloud-init[1014]: ci-info: +++++++++++++++++++++++++++Route IPv4 info++++++++++++++++++++++++++++
[   70.238858] cloud-init[1014]: ci-info: +-------+-------------+----------+---------------+-----------+-------+
[   70.265440] cloud-init[1014]: ci-info: | Route | Destination | Gateway  |    Genmask    | Interface | Flags |
[   70.334063] [cloud-init[0;32m  OK  [0m[1014]: ] ci-info: +-------+-------------+----------+---------------+-----------+-------+Started Login to default iSCSI targets.

[   70.334636] [cloud-init[0;32m  OK  [0m[1014]: ] ci-info: |   0   |   0.0.0.0   | 10.0.2.2 |    0.0.0.0    |   enp0s3  |   UG  |Started Pollinate to seed the pseudo random number generator.

[   70.508448]          cloud-initStarting OpenBSD Secure Shell server...[1014]: 
ci-info: |   1   |   10.0.2.0  | 0.0.0.0  | 255.255.255.0 |   enp0s3  |   U   |
[   70.556308] [cloud-init[0;32m  OK  [0m[1014]: ] ci-info: +-------+-------------+----------+---------------+-----------+-------+Reached target Remote File Systems (Pre).

[   70.654689] [cloud-init[0;32m  OK  [0m[1014]: ] Generating public/private rsa key pair.Reached target Remote File Systems.

[   70.655499] cloud-init[1014]: Your identification has been saved in /etc/ssh/ssh_host_rsa_key.
[   70.700359]          cloud-initStarting LSB: automatic crash report generation...[1014]: 
Your public key has been saved in /etc/ssh/ssh_host_rsa_key.pub.
[   70.746282]          cloud-initStarting LSB: Set the CPU Frequency Scaling governor to "ondemand"...[1014]: 
The key fingerprint is:
[   70.816694]          cloud-initStarting LSB: VirtualBox Linux Additions...[1014]: 
SHA256:ysq144dNMH81Hl96nBBwpq3GXd27Vktox4C2pBWq8aA root@ubuntu-xenial
[   70.841849]          cloud-initStarting Permit User Sessions...[1014]: 
The key's randomart image is:
[   70.913157]          cloud-initStarting LSB: daemon to balance interrupts for SMP systems...[1014]: 
+---[RSA 2048]----+
[   71.012680] [cloud-init[0;32m  OK  [0m[1014]: ] |           o.o   |Started OpenBSD Secure Shell server.

[   71.013204] [cloud-init[0;32m  OK  [0m[1014]: ] |          . B.  o|Started Permit User Sessions.

[   71.140636] cloud-init[1014]: |       o . * o..o|
[[0;32m  OK  [0m] Started LSB: Set the CPU Frequency Scaling governor to "ondemand".
[   71.141382] cloud-init[1014]: |      + = * B.= o|
[   71.252449] cloud-init[1014]: |     E =So B B.Oo|
[   71.252709] cloud-init[1014]: |     . .o o o =.*|
[[0;32m  OK  [0m] Started LSB: automatic crash report generation.
[   71.252871] cloud-init[1014]: |      ++ .     = |
[   71.348486] cloud-init[1014]: |   . oo.o     .  |
[   71.348873] cloud-init[1014]: |    o.oo         |
         Starting Hold until boot process finishes up...
[   71.349048] cloud-init[1014]: +----[SHA256]-----+
[   71.416629] cloud-init[1014]: Generating public/private dsa key pair.
[   71.416971] cloud-init[1014]: Your identification has been saved in /etc/ssh/ssh_host_dsa_key.
         Starting Terminate Plymouth Boot Screen...
[   71.417135] cloud-init[1014]: Your public key has been saved in /etc/ssh/ssh_host_dsa_key.pub.
[   71.506906] cloud-init[1014]: The key fingerprint is:
[   71.507357] cloud-init[1014]: SHA256:U2oOJDweN/mwoVbp+e3/Ub8gYTCT0WeLEaf4GvUFQG0 root@ubuntu-xenial
[[0;32m  OK  [0m] Started LSB: daemon to balance interrupts for SMP systems.
[[   71.507597] cloud-init[1014]: The key's randomart image is:
[   71.864571] cloud-init[1014]: +---[DSA 1024]----+
[0;32m  OK  [0m] Started LSB: VirtualBox Linux Additions.
[   71.864737] cloud-init[1014]: |         .o++o   |
[   71.956467] cloud-init[1014]: |   .   o  +ooE.  |
[   71.956818] cloud-init[1014]: |    = X  *.o* .. |
[[0;32m  OK  [0m] Started Hold until boot process finishes up.
[   71.956975] cloud-init[1014]: |   . X B o*....  |
[   72.080816] cloud-init[1014]: |    + = S. + .  .|
[   72.081135] cloud-init[1014]: |   .   = o+ .  ..|
[[0;32m  OK  [0m] Started Terminate Plymouth Boot Screen.
[   72.081290] cloud-init[1014]: |        o... .. .|
[   72.210116] cloud-init[1014]: |         .  . ...|
[   72.236842] cloud-init[1014]: |          ...... |
[   72.256309] cloud-init[1014]: +----[SHA256]-----+
[   72.256794] cloud-init[1014]: Generating public/private ecdsa key pair.
         Starting Set console scheme...
[   72.257094] cloud-init[1014]: Your identification has been saved in /etc/ssh/ssh_host_ecdsa_key.
[   72.424476] cloud-init[1014]: Your public key has been saved in /etc/ssh/ssh_host_ecdsa_key.pub.
[   72.424812] cloud-init[1014]: The key fingerprint is:
[[0;32m  OK  [0m] Started Getty on tty1.
[   72.424972] cloud-init[1014]: SHA256:iQofyKP8rUIWpjkpBb1DgtnnZIlRYoNHhgXMfVO52ck root@ubuntu-xenial
[   72.576532] cloud-init[1014]: The key's randomart image is:
[   72.576889] cloud-init[1014]: +---[ECDSA 256]---+
[[0;32m  OK  [0m] Started Serial Getty on ttyS0.
[[   72.577082] cloud-init[1014]: |=XX+.....        |
[   72.597235] cloud-init[1014]: |B=*+=o .         |
[   72.597435] cloud-init[1014]: | = *. . = .      |
[0;32m  OK  [0m] Reached target Login Prompts.
[   72.597578] cloud-init[1014]: | ++..  + E       |
[   72.686833] cloud-init[1014]: |o+*.. . S        |
[[0;32m  OK  [0m] Reached target Multi-User System.
[   72.686959] cloud-init[1014]: |B+ + o           |
[   72.753955] cloud-init[1014]: |=o  o            |
[[0;32m  OK  [0m] Reached target Graphical Interface.
[   72.754193] cloud-init[1014]: | .. .            |
[   72.877689] cloud-init[1014]: |  .o..           |
[   72.900449] cloud-init[1014]: +----[SHA256]-----+
[   72.900781] cloud-init[1014]: Generating public/private ed25519 key pair.
         Starting Update UTMP about System Runlevel Changes...
[   72.900989] cloud-init[1014]: Your identification has been saved in /etc/ssh/ssh_host_ed25519_key.
[   73.068576] cloud-init[1014]: Your public key has been saved in /etc/ssh/ssh_host_ed25519_key.pub.
         Starting Notify bootloader that boot was successful...
[[0;32m  OK  [0m] Started Set console scheme.
[[0;32m  OK  [0m] Started Notify bootloader that boot was successful.
[   73.143912] cloud-init[1014]: The key fingerprint is:
[   73.272514] cloud-init[1014]: SHA256:gAXiqlpGA8Qp55hRccyCdUmxKxq7I872CDdXFAOZVQw root@ubuntu-xenial
[   73.324399] cloud-init[1014]: The key's randomart image is:
[   73.356711] cloud-init[1014]: +--[ED25519 256]--+
[[0;32m  OK  [0m] Started Update UTMP about System Runlevel Changes.
[   73.391399] cloud-init[1014]: |.=*=BOE+.        |
[   73.456424]          cloud-initStopping OpenBSD Secure Shell server...[1014]: 
|=+o+*+ o.        |
[   73.509125] [cloud-init[0;32m  OK  [0m[1014]: ] |o*..o o          |Stopped OpenBSD Secure Shell server.

         Starting OpenBSD Secure Shell server...
[[0;32m  OK  [0m] Started OpenBSD Secure Shell server.
[   73.547664] cloud-init[1014]: |oo.  o .         |
[   73.636818] cloud-init[1014]: |o + . . S        |
[   73.656316] cloud-init[1014]: |.= o .           |
[   73.680210] cloud-init[1014]: |= = .            |
[   73.680471] cloud-init[1014]: |**.o             |
[[0;32m  OK  [0m] Created slice User Slice of ubuntu.
[   73.680640] cloud-init[1014]: |*=..             |
[   73.752486]          cloud-initStarting User Manager for UID 1000...[1014]: 
+----[SHA256]-----+
[[0;32m  OK  [0m] Started Session 1 of user ubuntu.
[   73.809840] [cloud-init[0;32m  OK  [0m[1103]: ] Generating locales (this might take a while)...Started User Manager for UID 1000.

[   73.896455] cloud-init[1103]:   en_US.UTF-8... done
[   73.932440] cloud-init[1103]: Generation complete.
[   74.444532] cloud-init[1103]: Cloud-init v. 0.7.8 running 'modules:config' at Fri, 18 Nov 2016 15:37:16 +0000. Up 69.91 seconds.
[[0;32m  OK  [0m] Started Apply the settings specified in cloud-config.
         Starting Execute cloud user/final scripts...
ci-info: no authorized ssh keys fingerprints found for user ubuntu.
<14>Nov 18 15:37:21 ec2: 
<14>Nov 18 15:37:21 ec2: #############################################################
<14>Nov 18 15:37:21 ec2: -----BEGIN SSH HOST KEY FINGERPRINTS-----
<14>Nov 18 15:37:21 ec2: 1024 SHA256:U2oOJDweN/mwoVbp+e3/Ub8gYTCT0WeLEaf4GvUFQG0 root@ubuntu-xenial (DSA)
<14>Nov 18 15:37:21 ec2: 256 SHA256:iQofyKP8rUIWpjkpBb1DgtnnZIlRYoNHhgXMfVO52ck root@ubuntu-xenial (ECDSA)
<14>Nov 18 15:37:21 ec2: 256 SHA256:gAXiqlpGA8Qp55hRccyCdUmxKxq7I872CDdXFAOZVQw root@ubuntu-xenial (ED25519)
<14>Nov 18 15:37:21 ec2: 2048 SHA256:ysq144dNMH81Hl96nBBwpq3GXd27Vktox4C2pBWq8aA root@ubuntu-xenial (RSA)
<14>Nov 18 15:37:21 ec2: -----END SSH HOST KEY FINGERPRINTS-----
<14>Nov 18 15:37:21 ec2: #############################################################
-----BEGIN SSH HOST KEY KEYS-----
ecdsa-sha2-nistp256 AAAAE2VjZHNhLXNoYTItbmlzdHAyNTYAAAAIbmlzdHAyNTYAAABBBATxNVZROpdFQgsQ7TuwLxeW23j/rVPtYW7k7jcFnsc2mB+10eiH4OHTSjA859ljBffL3b+Z29oBVmShRj1NwjY= root@ubuntu-xenial
ssh-ed25519 AAAAC3NzaC1lZDI1NTE5AAAAIDPIMhOJ+YnsOsWM1tjFHtYUMnlaFqQlwFtxyoHtjPa4 root@ubuntu-xenial
ssh-rsa AAAAB3NzaC1yc2EAAAADAQABAAABAQCoF4WYVTkzWr0s48WLSUTSQu6aqXcwHOJjlTnghQpz7YQvfSwLv0UPab3gmeqFkJ+bCfRE3Vf/mbqtpbWwcS1yCzjO0CuZgVVKd9L2/H5pAhJ+koMW+ecndc31G3F2rx38IG9pWJvu8Tcr92tyxCpB2/IAo84vS3N0wbBRq/sgL9HGbL9zxVT+jCHUG1SvRW2OwZMgFJTcmxhRsgu9JR+0l91RRJSqaVBtNRhsJYq3S0uiKOal2G4n41Ii0xW07WVc5sOPRXSFR3r0Ez2tbDdtbEKuoK10cgTijTTs2fronVSwz4ovu64pMZ9aMNtg3geLTfxd26tBwxpjFeUt8NaR root@ubuntu-xenial
-----END SSH HOST KEY KEYS-----
[[0;32m  OK  [0m] Started Session 2 of user ubuntu.
[   75.763447] cloud-init[1384]: Cloud-init v. 0.7.8 running 'modules:final' at Fri, 18 Nov 2016 15:37:21 +0000. Up 74.92 seconds.
[   75.784374] cloud-init[1384]: ci-info: no authorized ssh keys fingerprints found for user ubuntu.
[   75.820743] [cloud-init[0;32m  OK  [0m[1384]: ] Cloud-init v. 0.7.8 finished at Fri, 18 Nov 2016 15:37:22 +0000. Datasource DataSourceNoCloud [seed=/dev/sdb][dsmode=net].  Up 75.74 secondsStarted Execute cloud user/final scripts.

[[0;32m  OK  [0m] Reached target Cloud-init target.

Ubuntu 16.04.1 LTS ubuntu-xenial ttyS0

ubuntu-xenial login: 